# JRE version: Java(TM) SE Runtime Environment (8.0_91-b14) (build 1.8.0_91-b14)
# Java VM: Java HotSpot(TM) 64-Bit Server VM (25.91-b14 mixed mode linux-amd64 compressed oops)
Heap:
 PSYoungGen      total 316416K, used 32K [0x00000000e0d80000, 0x00000000f4400000, 0x0000000100000000)
  eden space 314880K, 0% used [0x00000000e0d80000,0x00000000e0d80000,0x00000000f4100000)
  from space 1536K, 2% used [0x00000000f4100000,0x00000000f4108000,0x00000000f4280000)
  to   space 1536K, 0% used [0x00000000f4280000,0x00000000f4280000,0x00000000f4400000)
 ParOldGen       total 64512K, used 872K [0x00000000a2800000, 0x00000000a6700000, 0x00000000e0d80000)
  object space 64512K, 1% used [0x00000000a2800000,0x00000000a28da2d8,0x00000000a6700000)
 Metaspace       used 4856K, capacity 5010K, committed 5248K, reserved 1056768K
  class space    used 543K, capacity 602K, committed 640K, reserved 1048576K
GC Heap History (10 events):
Event: 34.209 GC heap after
Heap after GC invocations=6 (full 0):
 PSYoungGen      total 99328K, used 874K [0x00000000e0d80000, 0x00000000e6f80000, 0x0000000100000000)
  eden space 98304K, 0% used [0x00000000e0d80000,0x00000000e0d80000,0x00000000e6d80000)
  from space 1024K, 85% used [0x00000000e6e80000,0x00000000e6f5a980,0x00000000e6f80000)
  to   space 1024K, 0% used [0x00000000e6d80000,0x00000000e6d80000,0x00000000e6e80000)
 ParOldGen       total 64512K, used 8K [0x00000000a2800000, 0x00000000a6700000, 0x00000000e0d80000)
  object space 64512K, 0% used [0x00000000a2800000,0x00000000a2802000,0x00000000a6700000)
 Metaspace       used 4856K, capacity 5010K, committed 5248K, reserved 1056768K
  class space    used 542K, capacity 602K, committed 640K, reserved 1048576K
}
Event: 34.563 GC heap before
{Heap before GC invocations=7 (full 0):
 PSYoungGen      total 99328K, used 99178K [0x00000000e0d80000, 0x00000000e6f80000, 0x0000000100000000)
  eden space 98304K, 100% used [0x00000000e0d80000,0x00000000e6d80000,0x00000000e6d80000)
  from space 1024K, 85% used [0x00000000e6e80000,0x00000000e6f5a980,0x00000000e6f80000)
  to   space 1024K, 0% used [0x00000000e6d80000,0x00000000e6d80000,0x00000000e6e80000)
 ParOldGen       total 64512K, used 8K [0x00000000a2800000, 0x00000000a6700000, 0x00000000e0d80000)
  object space 64512K, 0% used [0x00000000a2800000,0x00000000a2802000,0x00000000a6700000)
 Metaspace       used 4856K, capacity 5010K, committed 5248K, reserved 1056768K
  class space    used 542K, capacity 602K, committed 640K, reserved 1048576K
Event: 34.566 GC heap after
Heap after GC invocations=7 (full 0):
 PSYoungGen      total 99328K, used 64K [0x00000000e0d80000, 0x00000000ed080000, 0x0000000100000000)
  eden space 98304K, 0% used [0x00000000e0d80000,0x00000000e0d80000,0x00000000e6d80000)
  from space 1024K, 6% used [0x00000000e6d80000,0x00000000e6d90000,0x00000000e6e80000)
  to   space 1536K, 0% used [0x00000000ecf00000,0x00000000ecf00000,0x00000000ed080000)
 ParOldGen       total 64512K, used 840K [0x00000000a2800000, 0x00000000a6700000, 0x00000000e0d80000)
  object space 64512K, 1% used [0x00000000a2800000,0x00000000a28d22d8,0x00000000a6700000)
 Metaspace       used 4856K, capacity 5010K, committed 5248K, reserved 1056768K
  class space    used 542K, capacity 602K, committed 640K, reserved 1048576K
}
Event: 34.791 GC heap before
{Heap before GC invocations=8 (full 0):
 PSYoungGen      total 99328K, used 98368K [0x00000000e0d80000, 0x00000000ed080000, 0x0000000100000000)
  eden space 98304K, 100% used [0x00000000e0d80000,0x00000000e6d80000,0x00000000e6d80000)
  from space 1024K, 6% used [0x00000000e6d80000,0x00000000e6d90000,0x00000000e6e80000)
  to   space 1536K, 0% used [0x00000000ecf00000,0x00000000ecf00000,0x00000000ed080000)
 ParOldGen       total 64512K, used 840K [0x00000000a2800000, 0x00000000a6700000, 0x00000000e0d80000)
  object space 64512K, 1% used [0x00000000a2800000,0x00000000a28d22d8,0x00000000a6700000)
 Metaspace       used 4856K, capacity 5010K, committed 5248K, reserved 1056768K
  class space    used 542K, capacity 602K, committed 640K, reserved 1048576K
Event: 34.796 GC heap after
Heap after GC invocations=8 (full 0):
 PSYoungGen      total 198144K, used 32K [0x00000000e0d80000, 0x00000000ed080000, 0x0000000100000000)
  eden space 196608K, 0% used [0x00000000e0d80000,0x00000000e0d80000,0x00000000ecd80000)
  from space 1536K, 2% used [0x00000000ecf00000,0x00000000ecf08000,0x00000000ed080000)
  to   space 1536K, 0% used [0x00000000ecd80000,0x00000000ecd80000,0x00000000ecf00000)
 ParOldGen       total 64512K, used 848K [0x00000000a2800000, 0x00000000a6700000, 0x00000000e0d80000)
  object space 64512K, 1% used [0x00000000a2800000,0x00000000a28d42d8,0x00000000a6700000)
 Metaspace       used 4856K, capacity 5010K, committed 5248K, reserved 1056768K
  class space    used 542K, capacity 602K, committed 640K, reserved 1048576K
}
Event: 35.260 GC heap before
{Heap before GC invocations=9 (full 0):
 PSYoungGen      total 198144K, used 196640K [0x00000000e0d80000, 0x00000000ed080000, 0x0000000100000000)
  eden space 196608K, 100% used [0x00000000e0d80000,0x00000000ecd80000,0x00000000ecd80000)
  from space 1536K, 2% used [0x00000000ecf00000,0x00000000ecf08000,0x00000000ed080000)
  to   space 1536K, 0% used [0x00000000ecd80000,0x00000000ecd80000,0x00000000ecf00000)
 ParOldGen       total 64512K, used 848K [0x00000000a2800000, 0x00000000a6700000, 0x00000000e0d80000)
  object space 64512K, 1% used [0x00000000a2800000,0x00000000a28d42d8,0x00000000a6700000)
 Metaspace       used 4856K, capacity 5010K, committed 5248K, reserved 1056768K
  class space    used 543K, capacity 602K, committed 640K, reserved 1048576K
Event: 35.262 GC heap after
Heap after GC invocations=9 (full 0):
 PSYoungGen      total 198144K, used 32K [0x00000000e0d80000, 0x00000000f4400000, 0x0000000100000000)
  eden space 196608K, 0% used [0x00000000e0d80000,0x00000000e0d80000,0x00000000ecd80000)
  from space 1536K, 2% used [0x00000000ecd80000,0x00000000ecd88000,0x00000000ecf00000)
  to   space 1536K, 0% used [0x00000000f4280000,0x00000000f4280000,0x00000000f4400000)
 ParOldGen       total 64512K, used 856K [0x00000000a2800000, 0x00000000a6700000, 0x00000000e0d80000)
  object space 64512K, 1% used [0x00000000a2800000,0x00000000a28d62d8,0x00000000a6700000)
 Metaspace       used 4856K, capacity 5010K, committed 5248K, reserved 1056768K
  class space    used 543K, capacity 602K, committed 640K, reserved 1048576K
}
Event: 35.713 GC heap before
{Heap before GC invocations=10 (full 0):
 PSYoungGen      total 198144K, used 196640K [0x00000000e0d80000, 0x00000000f4400000, 0x0000000100000000)
  eden space 196608K, 100% used [0x00000000e0d80000,0x00000000ecd80000,0x00000000ecd80000)
  from space 1536K, 2% used [0x00000000ecd80000,0x00000000ecd88000,0x00000000ecf00000)
  to   space 1536K, 0% used [0x00000000f4280000,0x00000000f4280000,0x00000000f4400000)
 ParOldGen       total 64512K, used 856K [0x00000000a2800000, 0x00000000a6700000, 0x00000000e0d80000)
  object space 64512K, 1% used [0x00000000a2800000,0x00000000a28d62d8,0x00000000a6700000)
 Metaspace       used 4856K, capacity 5010K, committed 5248K, reserved 1056768K
  class space    used 543K, capacity 602K, committed 640K, reserved 1048576K
Event: 35.714 GC heap after
Heap after GC invocations=10 (full 0):
 PSYoungGen      total 316416K, used 64K [0x00000000e0d80000, 0x00000000f4400000, 0x0000000100000000)
  eden space 314880K, 0% used [0x00000000e0d80000,0x00000000e0d80000,0x00000000f4100000)
  from space 1536K, 4% used [0x00000000f4280000,0x00000000f4290000,0x00000000f4400000)
  to   space 1536K, 0% used [0x00000000f4100000,0x00000000f4100000,0x00000000f4280000)
 ParOldGen       total 64512K, used 864K [0x00000000a2800000, 0x00000000a6700000, 0x00000000e0d80000)
  object space 64512K, 1% used [0x00000000a2800000,0x00000000a28d82d8,0x00000000a6700000)
 Metaspace       used 4856K, capacity 5010K, committed 5248K, reserved 1056768K
  class space    used 543K, capacity 602K, committed 640K, reserved 1048576K
}
Event: 36.563 GC heap before
{Heap before GC invocations=11 (full 0):
 PSYoungGen      total 316416K, used 314944K [0x00000000e0d80000, 0x00000000f4400000, 0x0000000100000000)
  eden space 314880K, 100% used [0x00000000e0d80000,0x00000000f4100000,0x00000000f4100000)
  from space 1536K, 4% used [0x00000000f4280000,0x00000000f4290000,0x00000000f4400000)
  to   space 1536K, 0% used [0x00000000f4100000,0x00000000f4100000,0x00000000f4280000)
 ParOldGen       total 64512K, used 864K [0x00000000a2800000, 0x00000000a6700000, 0x00000000e0d80000)
  object space 64512K, 1% used [0x00000000a2800000,0x00000000a28d82d8,0x00000000a6700000)
 Metaspace       used 4856K, capacity 5010K, committed 5248K, reserved 1056768K
  class space    used 543K, capacity 602K, committed 640K, reserved 1048576K

